[[1;34mINFO[m] Scanning for projects...
[[1;34mINFO[m] 
[[1;34mINFO[m] [1m------------------------< [0;36mcom.nakhan:auth-api[0;1m >-------------------------[m
[[1;34mINFO[m] [1mBuilding auth-api 1.0.0[m
[[1;34mINFO[m] [1m--------------------------------[ jar ]---------------------------------[m
[[1;34mINFO[m] 
[[1;34mINFO[m] [1m>>> [0;32mspring-boot-maven-plugin:2.7.0:run[m [1m(default-cli)[0;1m > [0;1mtest-compile[m @ [36mauth-api[0;1m >>>[m
[[1;33mWARNING[m] The artifact mysql:mysql-connector-java:jar:8.0.33 has been relocated to com.mysql:mysql-connector-j:jar:8.0.33: MySQL Connector/J artifacts moved to reverse-DNS compliant Maven 2+ coordinates.
[[1;34mINFO[m] 
[[1;34mINFO[m] [1m--- [0;32mmaven-resources-plugin:3.2.0:resources[m [1m(default-resources)[m @ [36mauth-api[0;1m ---[m
[[1;34mINFO[m] Using 'UTF-8' encoding to copy filtered resources.
[[1;34mINFO[m] Using 'UTF-8' encoding to copy filtered properties files.
[[1;34mINFO[m] Copying 1 resource
[[1;34mINFO[m] Copying 0 resource
[[1;34mINFO[m] 
[[1;34mINFO[m] [1m--- [0;32mmaven-compiler-plugin:3.10.1:compile[m [1m(default-compile)[m @ [36mauth-api[0;1m ---[m
[[1;34mINFO[m] Nothing to compile - all classes are up to date
[[1;34mINFO[m] 
[[1;34mINFO[m] [1m--- [0;32mmaven-resources-plugin:3.2.0:testResources[m [1m(default-testResources)[m @ [36mauth-api[0;1m ---[m
[[1;34mINFO[m] Using 'UTF-8' encoding to copy filtered resources.
[[1;34mINFO[m] Using 'UTF-8' encoding to copy filtered properties files.
[[1;34mINFO[m] skip non existing resourceDirectory /home/nakhan/VSCODE/TEST/auth-api/src/test/resources
[[1;34mINFO[m] 
[[1;34mINFO[m] [1m--- [0;32mmaven-compiler-plugin:3.10.1:testCompile[m [1m(default-testCompile)[m @ [36mauth-api[0;1m ---[m
[[1;34mINFO[m] No sources to compile
[[1;34mINFO[m] 
[[1;34mINFO[m] [1m<<< [0;32mspring-boot-maven-plugin:2.7.0:run[m [1m(default-cli)[0;1m < [0;1mtest-compile[m @ [36mauth-api[0;1m <<<[m
[[1;34mINFO[m] 
[[1;34mINFO[m] 
[[1;34mINFO[m] [1m--- [0;32mspring-boot-maven-plugin:2.7.0:run[m [1m(default-cli)[m @ [36mauth-api[0;1m ---[m
[[1;34mINFO[m] Attaching agents: []

  .   ____          _            __ _ _
 /\\ / ___'_ __ _ _(_)_ __  __ _ \ \ \ \
( ( )\___ | '_ | '_| | '_ \/ _` | \ \ \ \
 \\/  ___)| |_)| | | | | || (_| |  ) ) ) )
  '  |____| .__|_| |_|_| |_\__, | / / / /
 =========|_|==============|___/=/_/_/_/
 :: Spring Boot ::                (v2.7.0)

2025-10-14 04:01:49.662  INFO 75217 --- [           main] com.nakhan.authapi.AuthApiApplication    : Starting AuthApiApplication using Java 11.0.28 on nakhan.org with PID 75217 (/home/nakhan/VSCODE/TEST/auth-api/target/classes started by nakhan in /home/nakhan/VSCODE/TEST/auth-api)
2025-10-14 04:01:49.664 DEBUG 75217 --- [           main] com.nakhan.authapi.AuthApiApplication    : Running with Spring Boot v2.7.0, Spring v5.3.20
2025-10-14 04:01:49.664  INFO 75217 --- [           main] com.nakhan.authapi.AuthApiApplication    : No active profile set, falling back to 1 default profile: "default"
2025-10-14 04:01:50.252  INFO 75217 --- [           main] .s.d.r.c.RepositoryConfigurationDelegate : Bootstrapping Spring Data JPA repositories in DEFAULT mode.
2025-10-14 04:01:50.296  INFO 75217 --- [           main] .s.d.r.c.RepositoryConfigurationDelegate : Finished Spring Data repository scanning in 38 ms. Found 2 JPA repository interfaces.
2025-10-14 04:01:50.731  INFO 75217 --- [           main] o.s.b.w.embedded.tomcat.TomcatWebServer  : Tomcat initialized with port(s): 8080 (http)
2025-10-14 04:01:50.737  INFO 75217 --- [           main] o.apache.catalina.core.StandardService   : Starting service [Tomcat]
2025-10-14 04:01:50.738  INFO 75217 --- [           main] org.apache.catalina.core.StandardEngine  : Starting Servlet engine: [Apache Tomcat/9.0.63]
2025-10-14 04:01:50.804  INFO 75217 --- [           main] o.a.c.c.C.[Tomcat].[localhost].[/]       : Initializing Spring embedded WebApplicationContext
2025-10-14 04:01:50.805  INFO 75217 --- [           main] w.s.c.ServletWebServerApplicationContext : Root WebApplicationContext: initialization completed in 1091 ms
2025-10-14 04:01:50.858  WARN 75217 --- [           main] JpaBaseConfiguration$JpaWebConfiguration : spring.jpa.open-in-view is enabled by default. Therefore, database queries may be performed during view rendering. Explicitly configure spring.jpa.open-in-view to disable this warning
2025-10-14 04:01:50.927  INFO 75217 --- [           main] o.hibernate.jpa.internal.util.LogHelper  : HHH000204: Processing PersistenceUnitInfo [name: default]
2025-10-14 04:01:50.953  INFO 75217 --- [           main] org.hibernate.Version                    : HHH000412: Hibernate ORM core version 5.6.9.Final
2025-10-14 04:01:51.029  INFO 75217 --- [           main] o.hibernate.annotations.common.Version   : HCANN000001: Hibernate Commons Annotations {5.1.2.Final}
2025-10-14 04:01:51.097  INFO 75217 --- [           main] com.zaxxer.hikari.HikariDataSource       : HikariPool-1 - Starting...
2025-10-14 04:01:51.265  INFO 75217 --- [           main] com.zaxxer.hikari.HikariDataSource       : HikariPool-1 - Start completed.
2025-10-14 04:01:51.278  INFO 75217 --- [           main] org.hibernate.dialect.Dialect            : HHH000400: Using dialect: org.hibernate.dialect.MySQL8Dialect
2025-10-14 04:01:51.799  INFO 75217 --- [           main] o.h.e.t.j.p.i.JtaPlatformInitiator       : HHH000490: Using JtaPlatform implementation: [org.hibernate.engine.transaction.jta.platform.internal.NoJtaPlatform]
2025-10-14 04:01:51.804  INFO 75217 --- [           main] j.LocalContainerEntityManagerFactoryBean : Initialized JPA EntityManagerFactory for persistence unit 'default'
2025-10-14 04:01:52.192 DEBUG 75217 --- [           main] c.n.authapi.security.AuthTokenFilter     : Filter 'authenticationJwtTokenFilter' configured for use
2025-10-14 04:01:52.467 DEBUG 75217 --- [           main] edFilterInvocationSecurityMetadataSource : Adding web access control expression [permitAll] for Ant [pattern='/api/auth/**']
2025-10-14 04:01:52.471 DEBUG 75217 --- [           main] edFilterInvocationSecurityMetadataSource : Adding web access control expression [permitAll] for Ant [pattern='/api/test/**']
2025-10-14 04:01:52.471 DEBUG 75217 --- [           main] edFilterInvocationSecurityMetadataSource : Adding web access control expression [permitAll] for Ant [pattern='/h2-console/**']
2025-10-14 04:01:52.471 DEBUG 75217 --- [           main] edFilterInvocationSecurityMetadataSource : Adding web access control expression [authenticated] for any request
2025-10-14 04:01:52.478  INFO 75217 --- [           main] o.s.s.web.DefaultSecurityFilterChain     : Will secure any request with [org.springframework.security.web.session.DisableEncodeUrlFilter@ae74eef, org.springframework.security.web.context.request.async.WebAsyncManagerIntegrationFilter@2553dcc0, org.springframework.security.web.context.SecurityContextPersistenceFilter@6109d880, org.springframework.security.web.header.HeaderWriterFilter@2ee095c9, org.springframework.web.filter.CorsFilter@2e91cf69, org.springframework.security.web.authentication.logout.LogoutFilter@5fd4e67f, com.nakhan.authapi.security.AuthTokenFilter@4a5fab78, org.springframework.security.web.savedrequest.RequestCacheAwareFilter@6f976c, org.springframework.security.web.servletapi.SecurityContextHolderAwareRequestFilter@2b15ba1a, org.springframework.security.web.authentication.AnonymousAuthenticationFilter@746e534, org.springframework.security.web.session.SessionManagementFilter@6c56fff, org.springframework.security.web.access.ExceptionTranslationFilter@5a537a16, org.springframework.security.web.access.intercept.FilterSecurityInterceptor@50e6ee24]
2025-10-14 04:01:52.706  INFO 75217 --- [           main] o.s.b.w.embedded.tomcat.TomcatWebServer  : Tomcat started on port(s): 8080 (http) with context path ''
2025-10-14 04:01:52.727  INFO 75217 --- [           main] com.nakhan.authapi.AuthApiApplication    : Started AuthApiApplication in 3.425 seconds (JVM running for 3.698)
Hibernate: 
    select
        role0_.id as id1_0_,
        role0_.name as name2_0_ 
    from
        roles role0_ 
    where
        role0_.name=?
Hibernate: 
    select
        role0_.id as id1_0_,
        role0_.name as name2_0_ 
    from
        roles role0_ 
    where
        role0_.name=?
Hibernate: 
    select
        user0_.id as id1_2_,
        user0_.created_at as created_2_2_,
        user0_.email as email3_2_,
        user0_.password as password4_2_,
        user0_.updated_at as updated_5_2_,
        user0_.username as username6_2_ 
    from
        users user0_ 
    where
        user0_.email=?
2025-10-14 04:03:13.036  INFO 75217 --- [nio-8080-exec-1] o.a.c.c.C.[Tomcat].[localhost].[/]       : Initializing Spring DispatcherServlet 'dispatcherServlet'
2025-10-14 04:03:13.037  INFO 75217 --- [nio-8080-exec-1] o.s.web.servlet.DispatcherServlet        : Initializing Servlet 'dispatcherServlet'
2025-10-14 04:03:13.038  INFO 75217 --- [nio-8080-exec-1] o.s.web.servlet.DispatcherServlet        : Completed initialization in 1 ms
2025-10-14 04:03:13.049 DEBUG 75217 --- [nio-8080-exec-1] o.s.security.web.FilterChainProxy        : Securing POST /api/auth/login
2025-10-14 04:03:13.054 DEBUG 75217 --- [nio-8080-exec-1] s.s.w.c.SecurityContextPersistenceFilter : Set SecurityContextHolder to empty SecurityContext
2025-10-14 04:03:13.060  INFO 75217 --- [nio-8080-exec-1] c.n.authapi.security.AuthTokenFilter     : === AuthTokenFilter INVOKED ===
2025-10-14 04:03:13.061  INFO 75217 --- [nio-8080-exec-1] c.n.authapi.security.AuthTokenFilter     : Request: POST /api/auth/login
2025-10-14 04:03:13.061  INFO 75217 --- [nio-8080-exec-1] c.n.authapi.security.AuthTokenFilter     : Authorization header: null
2025-10-14 04:03:13.061  INFO 75217 --- [nio-8080-exec-1] c.n.authapi.security.AuthTokenFilter     : JWT token parsed: null
2025-10-14 04:03:13.061 DEBUG 75217 --- [nio-8080-exec-1] c.n.authapi.security.AuthTokenFilter     : No JWT token found in request
2025-10-14 04:03:13.061  INFO 75217 --- [nio-8080-exec-1] c.n.authapi.security.AuthTokenFilter     : Continuing filter chain...
2025-10-14 04:03:13.063 DEBUG 75217 --- [nio-8080-exec-1] o.s.s.w.a.AnonymousAuthenticationFilter  : Set SecurityContextHolder to anonymous SecurityContext
2025-10-14 04:03:13.073 DEBUG 75217 --- [nio-8080-exec-1] o.s.s.w.a.i.FilterSecurityInterceptor    : Authorized filter invocation [POST /api/auth/login] with attributes [permitAll]
2025-10-14 04:03:13.074 DEBUG 75217 --- [nio-8080-exec-1] o.s.security.web.FilterChainProxy        : Secured POST /api/auth/login
Hibernate: 
    select
        user0_.id as id1_2_,
        user0_.created_at as created_2_2_,
        user0_.email as email3_2_,
        user0_.password as password4_2_,
        user0_.updated_at as updated_5_2_,
        user0_.username as username6_2_ 
    from
        users user0_ 
    where
        user0_.email=?
Hibernate: 
    select
        roles0_.user_id as user_id1_1_0_,
        roles0_.role_id as role_id2_1_0_,
        role1_.id as id1_0_1_,
        role1_.name as name2_0_1_ 
    from
        user_roles roles0_ 
    inner join
        roles role1_ 
            on roles0_.role_id=role1_.id 
    where
        roles0_.user_id=?
2025-10-14 04:03:13.485 DEBUG 75217 --- [nio-8080-exec-1] o.s.s.a.dao.DaoAuthenticationProvider    : Authenticated user
2025-10-14 04:03:13.541 DEBUG 75217 --- [nio-8080-exec-1] s.s.w.c.SecurityContextPersistenceFilter : Cleared SecurityContextHolder to complete request
2025-10-14 04:03:54.470 DEBUG 75217 --- [nio-8080-exec-2] o.s.security.web.FilterChainProxy        : Securing GET /api/admin/users
2025-10-14 04:03:54.470 DEBUG 75217 --- [nio-8080-exec-2] s.s.w.c.SecurityContextPersistenceFilter : Set SecurityContextHolder to empty SecurityContext
2025-10-14 04:03:54.476  INFO 75217 --- [nio-8080-exec-2] c.n.authapi.security.AuthTokenFilter     : === AuthTokenFilter INVOKED ===
2025-10-14 04:03:54.478  INFO 75217 --- [nio-8080-exec-2] c.n.authapi.security.AuthTokenFilter     : Request: GET /api/admin/users
2025-10-14 04:03:54.479  INFO 75217 --- [nio-8080-exec-2] c.n.authapi.security.AuthTokenFilter     : Authorization header: Bearer eyJhbGciOiJIUzUxMiJ9.eyJzdWIiOiJhZG1pbiIsImlhdCI6MTc2MDM5NDc5MywiZXhwIjoxNzYwMzk4MzkzfQ.xJssK1PTaq4QBHhpX6hY5EGCPC7tJaejUwdbFoo7I-OF3II3pjpyMjzkDxqWmAurrwA-AVUH5JTbTGXeGD6pWA
2025-10-14 04:03:54.480  INFO 75217 --- [nio-8080-exec-2] c.n.authapi.security.AuthTokenFilter     : JWT token parsed: present
2025-10-14 04:03:54.480  INFO 75217 --- [nio-8080-exec-2] c.n.authapi.security.AuthTokenFilter     : JWT token length: 174
2025-10-14 04:03:54.481  INFO 75217 --- [nio-8080-exec-2] c.n.authapi.security.AuthTokenFilter     : JwtUtils is available
2025-10-14 04:03:54.529  INFO 75217 --- [nio-8080-exec-2] c.n.authapi.security.AuthTokenFilter     : JWT token validation result: true
2025-10-14 04:03:54.531  INFO 75217 --- [nio-8080-exec-2] c.n.authapi.security.AuthTokenFilter     : Valid JWT for user: admin
2025-10-14 04:03:54.532  INFO 75217 --- [nio-8080-exec-2] c.n.authapi.security.AuthTokenFilter     : Loading user details for: admin
Hibernate: 
    select
        user0_.id as id1_2_,
        user0_.created_at as created_2_2_,
        user0_.email as email3_2_,
        user0_.password as password4_2_,
        user0_.updated_at as updated_5_2_,
        user0_.username as username6_2_ 
    from
        users user0_ 
    where
        user0_.email=?
2025-10-14 04:03:54.538 ERROR 75217 --- [nio-8080-exec-2] c.n.authapi.security.AuthTokenFilter     : Cannot set user authentication: User Not Found with email: admin
org.springframework.security.core.userdetails.UsernameNotFoundException: User Not Found with email: admin
	at com.nakhan.authapi.security.UserDetailsServiceImpl.lambda$loadUserByUsername$0(UserDetailsServiceImpl.java:22)
	at java.base/java.util.Optional.orElseThrow(Optional.java:408)
	at com.nakhan.authapi.security.UserDetailsServiceImpl.loadUserByUsername(UserDetailsServiceImpl.java:22)
	at com.nakhan.authapi.security.UserDetailsServiceImpl$$FastClassBySpringCGLIB$$e1fcabac.invoke(<generated>)
	at org.springframework.cglib.proxy.MethodProxy.invoke(MethodProxy.java:218)
	at org.springframework.aop.framework.CglibAopProxy$CglibMethodInvocation.invokeJoinpoint(CglibAopProxy.java:793)
	at org.springframework.aop.framework.ReflectiveMethodInvocation.proceed(ReflectiveMethodInvocation.java:163)
	at org.springframework.aop.framework.CglibAopProxy$CglibMethodInvocation.proceed(CglibAopProxy.java:763)
	at org.springframework.transaction.interceptor.TransactionInterceptor$1.proceedWithInvocation(TransactionInterceptor.java:123)
	at org.springframework.transaction.interceptor.TransactionAspectSupport.invokeWithinTransaction(TransactionAspectSupport.java:388)
	at org.springframework.transaction.interceptor.TransactionInterceptor.invoke(TransactionInterceptor.java:119)
	at org.springframework.aop.framework.ReflectiveMethodInvocation.proceed(ReflectiveMethodInvocation.java:186)
	at org.springframework.aop.framework.CglibAopProxy$CglibMethodInvocation.proceed(CglibAopProxy.java:763)
	at org.springframework.aop.framework.CglibAopProxy$DynamicAdvisedInterceptor.intercept(CglibAopProxy.java:708)
	at com.nakhan.authapi.security.UserDetailsServiceImpl$$EnhancerBySpringCGLIB$$f27460ea.loadUserByUsername(<generated>)
	at com.nakhan.authapi.security.AuthTokenFilter.doFilterInternal(AuthTokenFilter.java:62)
	at org.springframework.web.filter.OncePerRequestFilter.doFilter(OncePerRequestFilter.java:117)
	at org.springframework.security.web.FilterChainProxy$VirtualFilterChain.doFilter(FilterChainProxy.java:336)
	at org.springframework.security.web.authentication.logout.LogoutFilter.doFilter(LogoutFilter.java:103)
	at org.springframework.security.web.authentication.logout.LogoutFilter.doFilter(LogoutFilter.java:89)
	at org.springframework.security.web.FilterChainProxy$VirtualFilterChain.doFilter(FilterChainProxy.java:336)
	at org.springframework.web.filter.CorsFilter.doFilterInternal(CorsFilter.java:91)
	at org.springframework.web.filter.OncePerRequestFilter.doFilter(OncePerRequestFilter.java:117)
	at org.springframework.security.web.FilterChainProxy$VirtualFilterChain.doFilter(FilterChainProxy.java:336)
	at org.springframework.security.web.header.HeaderWriterFilter.doHeadersAfter(HeaderWriterFilter.java:90)
	at org.springframework.security.web.header.HeaderWriterFilter.doFilterInternal(HeaderWriterFilter.java:75)
	at org.springframework.web.filter.OncePerRequestFilter.doFilter(OncePerRequestFilter.java:117)
	at org.springframework.security.web.FilterChainProxy$VirtualFilterChain.doFilter(FilterChainProxy.java:336)
	at org.springframework.security.web.context.SecurityContextPersistenceFilter.doFilter(SecurityContextPersistenceFilter.java:112)
	at org.springframework.security.web.context.SecurityContextPersistenceFilter.doFilter(SecurityContextPersistenceFilter.java:82)
	at org.springframework.security.web.FilterChainProxy$VirtualFilterChain.doFilter(FilterChainProxy.java:336)
	at org.springframework.security.web.context.request.async.WebAsyncManagerIntegrationFilter.doFilterInternal(WebAsyncManagerIntegrationFilter.java:55)
	at org.springframework.web.filter.OncePerRequestFilter.doFilter(OncePerRequestFilter.java:117)
	at org.springframework.security.web.FilterChainProxy$VirtualFilterChain.doFilter(FilterChainProxy.java:336)
	at org.springframework.security.web.session.DisableEncodeUrlFilter.doFilterInternal(DisableEncodeUrlFilter.java:42)
	at org.springframework.web.filter.OncePerRequestFilter.doFilter(OncePerRequestFilter.java:117)
	at org.springframework.security.web.FilterChainProxy$VirtualFilterChain.doFilter(FilterChainProxy.java:336)
	at org.springframework.security.web.FilterChainProxy.doFilterInternal(FilterChainProxy.java:211)
	at org.springframework.security.web.FilterChainProxy.doFilter(FilterChainProxy.java:183)
	at org.springframework.web.filter.DelegatingFilterProxy.invokeDelegate(DelegatingFilterProxy.java:354)
	at org.springframework.web.filter.DelegatingFilterProxy.doFilter(DelegatingFilterProxy.java:267)
	at org.apache.catalina.core.ApplicationFilterChain.internalDoFilter(ApplicationFilterChain.java:189)
	at org.apache.catalina.core.ApplicationFilterChain.doFilter(ApplicationFilterChain.java:162)
	at org.springframework.web.filter.RequestContextFilter.doFilterInternal(RequestContextFilter.java:100)
	at org.springframework.web.filter.OncePerRequestFilter.doFilter(OncePerRequestFilter.java:117)
	at org.apache.catalina.core.ApplicationFilterChain.internalDoFilter(ApplicationFilterChain.java:189)
	at org.apache.catalina.core.ApplicationFilterChain.doFilter(ApplicationFilterChain.java:162)
	at org.springframework.web.filter.FormContentFilter.doFilterInternal(FormContentFilter.java:93)
	at org.springframework.web.filter.OncePerRequestFilter.doFilter(OncePerRequestFilter.java:117)
	at org.apache.catalina.core.ApplicationFilterChain.internalDoFilter(ApplicationFilterChain.java:189)
	at org.apache.catalina.core.ApplicationFilterChain.doFilter(ApplicationFilterChain.java:162)
	at org.springframework.web.filter.CharacterEncodingFilter.doFilterInternal(CharacterEncodingFilter.java:201)
	at org.springframework.web.filter.OncePerRequestFilter.doFilter(OncePerRequestFilter.java:117)
	at org.apache.catalina.core.ApplicationFilterChain.internalDoFilter(ApplicationFilterChain.java:189)
	at org.apache.catalina.core.ApplicationFilterChain.doFilter(ApplicationFilterChain.java:162)
	at org.apache.catalina.core.StandardWrapperValve.invoke(StandardWrapperValve.java:197)
	at org.apache.catalina.core.StandardContextValve.invoke(StandardContextValve.java:97)
	at org.apache.catalina.authenticator.AuthenticatorBase.invoke(AuthenticatorBase.java:541)
	at org.apache.catalina.core.StandardHostValve.invoke(StandardHostValve.java:135)
	at org.apache.catalina.valves.ErrorReportValve.invoke(ErrorReportValve.java:92)
	at org.apache.catalina.core.StandardEngineValve.invoke(StandardEngineValve.java:78)
	at org.apache.catalina.connector.CoyoteAdapter.service(CoyoteAdapter.java:360)
	at org.apache.coyote.http11.Http11Processor.service(Http11Processor.java:399)
	at org.apache.coyote.AbstractProcessorLight.process(AbstractProcessorLight.java:65)
	at org.apache.coyote.AbstractProtocol$ConnectionHandler.process(AbstractProtocol.java:890)
	at org.apache.tomcat.util.net.NioEndpoint$SocketProcessor.doRun(NioEndpoint.java:1743)
	at org.apache.tomcat.util.net.SocketProcessorBase.run(SocketProcessorBase.java:49)
	at org.apache.tomcat.util.threads.ThreadPoolExecutor.runWorker(ThreadPoolExecutor.java:1191)
	at org.apache.tomcat.util.threads.ThreadPoolExecutor$Worker.run(ThreadPoolExecutor.java:659)
	at org.apache.tomcat.util.threads.TaskThread$WrappingRunnable.run(TaskThread.java:61)
	at java.base/java.lang.Thread.run(Thread.java:829)
2025-10-14 04:03:54.543  INFO 75217 --- [nio-8080-exec-2] c.n.authapi.security.AuthTokenFilter     : Continuing filter chain...
2025-10-14 04:03:54.544 DEBUG 75217 --- [nio-8080-exec-2] o.s.s.w.a.AnonymousAuthenticationFilter  : Set SecurityContextHolder to anonymous SecurityContext
2025-10-14 04:03:54.546 DEBUG 75217 --- [nio-8080-exec-2] o.s.s.w.a.i.FilterSecurityInterceptor    : Failed to authorize filter invocation [GET /api/admin/users] with attributes [authenticated]
2025-10-14 04:03:54.548 ERROR 75217 --- [nio-8080-exec-2] c.n.authapi.security.AuthEntryPointJwt   : Unauthorized error: Full authentication is required to access this resource
2025-10-14 04:03:54.551 DEBUG 75217 --- [nio-8080-exec-2] s.s.w.c.SecurityContextPersistenceFilter : Cleared SecurityContextHolder to complete request
2025-10-14 04:04:42.281 DEBUG 75217 --- [nio-8080-exec-4] o.s.security.web.FilterChainProxy        : Securing GET /api/admin/users
2025-10-14 04:04:42.282 DEBUG 75217 --- [nio-8080-exec-4] s.s.w.c.SecurityContextPersistenceFilter : Set SecurityContextHolder to empty SecurityContext
2025-10-14 04:04:42.282  INFO 75217 --- [nio-8080-exec-4] c.n.authapi.security.AuthTokenFilter     : === AuthTokenFilter INVOKED ===
2025-10-14 04:04:42.282  INFO 75217 --- [nio-8080-exec-4] c.n.authapi.security.AuthTokenFilter     : Request: GET /api/admin/users
2025-10-14 04:04:42.283  INFO 75217 --- [nio-8080-exec-4] c.n.authapi.security.AuthTokenFilter     : Authorization header: Bearer eyJhbGciOiJIUzUxMiJ9.eyJzdWIiOiJhZG1pbiIsImlhdCI6MTc2MDM5NDc5MywiZXhwIjoxNzYwMzk4MzkzfQ.xJssK1PTaq4QBHhpX6hY5EGCPC7tJaejUwdbFoo7I-OF3II3pjpyMjzkDxqWmAurrwA-AVUH5JTbTGXeGD6pWA
2025-10-14 04:04:42.283  INFO 75217 --- [nio-8080-exec-4] c.n.authapi.security.AuthTokenFilter     : JWT token parsed: present
2025-10-14 04:04:42.283  INFO 75217 --- [nio-8080-exec-4] c.n.authapi.security.AuthTokenFilter     : JWT token length: 174
2025-10-14 04:04:42.283  INFO 75217 --- [nio-8080-exec-4] c.n.authapi.security.AuthTokenFilter     : JwtUtils is available
2025-10-14 04:04:42.286  INFO 75217 --- [nio-8080-exec-4] c.n.authapi.security.AuthTokenFilter     : JWT token validation result: true
2025-10-14 04:04:42.289  INFO 75217 --- [nio-8080-exec-4] c.n.authapi.security.AuthTokenFilter     : Valid JWT for user: admin
2025-10-14 04:04:42.289  INFO 75217 --- [nio-8080-exec-4] c.n.authapi.security.AuthTokenFilter     : Loading user details for: admin
Hibernate: 
    select
        user0_.id as id1_2_,
        user0_.created_at as created_2_2_,
        user0_.email as email3_2_,
        user0_.password as password4_2_,
        user0_.updated_at as updated_5_2_,
        user0_.username as username6_2_ 
    from
        users user0_ 
    where
        user0_.email=?
2025-10-14 04:04:42.296 ERROR 75217 --- [nio-8080-exec-4] c.n.authapi.security.AuthTokenFilter     : Cannot set user authentication: User Not Found with email: admin
org.springframework.security.core.userdetails.UsernameNotFoundException: User Not Found with email: admin
	at com.nakhan.authapi.security.UserDetailsServiceImpl.lambda$loadUserByUsername$0(UserDetailsServiceImpl.java:22)
	at java.base/java.util.Optional.orElseThrow(Optional.java:408)
	at com.nakhan.authapi.security.UserDetailsServiceImpl.loadUserByUsername(UserDetailsServiceImpl.java:22)
	at com.nakhan.authapi.security.UserDetailsServiceImpl$$FastClassBySpringCGLIB$$e1fcabac.invoke(<generated>)
	at org.springframework.cglib.proxy.MethodProxy.invoke(MethodProxy.java:218)
	at org.springframework.aop.framework.CglibAopProxy$CglibMethodInvocation.invokeJoinpoint(CglibAopProxy.java:793)
	at org.springframework.aop.framework.ReflectiveMethodInvocation.proceed(ReflectiveMethodInvocation.java:163)
	at org.springframework.aop.framework.CglibAopProxy$CglibMethodInvocation.proceed(CglibAopProxy.java:763)
	at org.springframework.transaction.interceptor.TransactionInterceptor$1.proceedWithInvocation(TransactionInterceptor.java:123)
	at org.springframework.transaction.interceptor.TransactionAspectSupport.invokeWithinTransaction(TransactionAspectSupport.java:388)
	at org.springframework.transaction.interceptor.TransactionInterceptor.invoke(TransactionInterceptor.java:119)
	at org.springframework.aop.framework.ReflectiveMethodInvocation.proceed(ReflectiveMethodInvocation.java:186)
	at org.springframework.aop.framework.CglibAopProxy$CglibMethodInvocation.proceed(CglibAopProxy.java:763)
	at org.springframework.aop.framework.CglibAopProxy$DynamicAdvisedInterceptor.intercept(CglibAopProxy.java:708)
	at com.nakhan.authapi.security.UserDetailsServiceImpl$$EnhancerBySpringCGLIB$$f27460ea.loadUserByUsername(<generated>)
	at com.nakhan.authapi.security.AuthTokenFilter.doFilterInternal(AuthTokenFilter.java:62)
	at org.springframework.web.filter.OncePerRequestFilter.doFilter(OncePerRequestFilter.java:117)
	at org.springframework.security.web.FilterChainProxy$VirtualFilterChain.doFilter(FilterChainProxy.java:336)
	at org.springframework.security.web.authentication.logout.LogoutFilter.doFilter(LogoutFilter.java:103)
	at org.springframework.security.web.authentication.logout.LogoutFilter.doFilter(LogoutFilter.java:89)
	at org.springframework.security.web.FilterChainProxy$VirtualFilterChain.doFilter(FilterChainProxy.java:336)
	at org.springframework.web.filter.CorsFilter.doFilterInternal(CorsFilter.java:91)
	at org.springframework.web.filter.OncePerRequestFilter.doFilter(OncePerRequestFilter.java:117)
	at org.springframework.security.web.FilterChainProxy$VirtualFilterChain.doFilter(FilterChainProxy.java:336)
	at org.springframework.security.web.header.HeaderWriterFilter.doHeadersAfter(HeaderWriterFilter.java:90)
	at org.springframework.security.web.header.HeaderWriterFilter.doFilterInternal(HeaderWriterFilter.java:75)
	at org.springframework.web.filter.OncePerRequestFilter.doFilter(OncePerRequestFilter.java:117)
	at org.springframework.security.web.FilterChainProxy$VirtualFilterChain.doFilter(FilterChainProxy.java:336)
	at org.springframework.security.web.context.SecurityContextPersistenceFilter.doFilter(SecurityContextPersistenceFilter.java:112)
	at org.springframework.security.web.context.SecurityContextPersistenceFilter.doFilter(SecurityContextPersistenceFilter.java:82)
	at org.springframework.security.web.FilterChainProxy$VirtualFilterChain.doFilter(FilterChainProxy.java:336)
	at org.springframework.security.web.context.request.async.WebAsyncManagerIntegrationFilter.doFilterInternal(WebAsyncManagerIntegrationFilter.java:55)
	at org.springframework.web.filter.OncePerRequestFilter.doFilter(OncePerRequestFilter.java:117)
	at org.springframework.security.web.FilterChainProxy$VirtualFilterChain.doFilter(FilterChainProxy.java:336)
	at org.springframework.security.web.session.DisableEncodeUrlFilter.doFilterInternal(DisableEncodeUrlFilter.java:42)
	at org.springframework.web.filter.OncePerRequestFilter.doFilter(OncePerRequestFilter.java:117)
	at org.springframework.security.web.FilterChainProxy$VirtualFilterChain.doFilter(FilterChainProxy.java:336)
	at org.springframework.security.web.FilterChainProxy.doFilterInternal(FilterChainProxy.java:211)
	at org.springframework.security.web.FilterChainProxy.doFilter(FilterChainProxy.java:183)
	at org.springframework.web.filter.DelegatingFilterProxy.invokeDelegate(DelegatingFilterProxy.java:354)
	at org.springframework.web.filter.DelegatingFilterProxy.doFilter(DelegatingFilterProxy.java:267)
	at org.apache.catalina.core.ApplicationFilterChain.internalDoFilter(ApplicationFilterChain.java:189)
	at org.apache.catalina.core.ApplicationFilterChain.doFilter(ApplicationFilterChain.java:162)
	at org.springframework.web.filter.RequestContextFilter.doFilterInternal(RequestContextFilter.java:100)
	at org.springframework.web.filter.OncePerRequestFilter.doFilter(OncePerRequestFilter.java:117)
	at org.apache.catalina.core.ApplicationFilterChain.internalDoFilter(ApplicationFilterChain.java:189)
	at org.apache.catalina.core.ApplicationFilterChain.doFilter(ApplicationFilterChain.java:162)
	at org.springframework.web.filter.FormContentFilter.doFilterInternal(FormContentFilter.java:93)
	at org.springframework.web.filter.OncePerRequestFilter.doFilter(OncePerRequestFilter.java:117)
	at org.apache.catalina.core.ApplicationFilterChain.internalDoFilter(ApplicationFilterChain.java:189)
	at org.apache.catalina.core.ApplicationFilterChain.doFilter(ApplicationFilterChain.java:162)
	at org.springframework.web.filter.CharacterEncodingFilter.doFilterInternal(CharacterEncodingFilter.java:201)
	at org.springframework.web.filter.OncePerRequestFilter.doFilter(OncePerRequestFilter.java:117)
	at org.apache.catalina.core.ApplicationFilterChain.internalDoFilter(ApplicationFilterChain.java:189)
	at org.apache.catalina.core.ApplicationFilterChain.doFilter(ApplicationFilterChain.java:162)
	at org.apache.catalina.core.StandardWrapperValve.invoke(StandardWrapperValve.java:197)
	at org.apache.catalina.core.StandardContextValve.invoke(StandardContextValve.java:97)
	at org.apache.catalina.authenticator.AuthenticatorBase.invoke(AuthenticatorBase.java:541)
	at org.apache.catalina.core.StandardHostValve.invoke(StandardHostValve.java:135)
	at org.apache.catalina.valves.ErrorReportValve.invoke(ErrorReportValve.java:92)
	at org.apache.catalina.core.StandardEngineValve.invoke(StandardEngineValve.java:78)
	at org.apache.catalina.connector.CoyoteAdapter.service(CoyoteAdapter.java:360)
	at org.apache.coyote.http11.Http11Processor.service(Http11Processor.java:399)
	at org.apache.coyote.AbstractProcessorLight.process(AbstractProcessorLight.java:65)
	at org.apache.coyote.AbstractProtocol$ConnectionHandler.process(AbstractProtocol.java:890)
	at org.apache.tomcat.util.net.NioEndpoint$SocketProcessor.doRun(NioEndpoint.java:1743)
	at org.apache.tomcat.util.net.SocketProcessorBase.run(SocketProcessorBase.java:49)
	at org.apache.tomcat.util.threads.ThreadPoolExecutor.runWorker(ThreadPoolExecutor.java:1191)
	at org.apache.tomcat.util.threads.ThreadPoolExecutor$Worker.run(ThreadPoolExecutor.java:659)
	at org.apache.tomcat.util.threads.TaskThread$WrappingRunnable.run(TaskThread.java:61)
	at java.base/java.lang.Thread.run(Thread.java:829)
2025-10-14 04:04:42.299  INFO 75217 --- [nio-8080-exec-4] c.n.authapi.security.AuthTokenFilter     : Continuing filter chain...
2025-10-14 04:04:42.301 DEBUG 75217 --- [nio-8080-exec-4] o.s.s.w.a.AnonymousAuthenticationFilter  : Set SecurityContextHolder to anonymous SecurityContext
2025-10-14 04:04:42.301 DEBUG 75217 --- [nio-8080-exec-4] o.s.s.w.a.i.FilterSecurityInterceptor    : Failed to authorize filter invocation [GET /api/admin/users] with attributes [authenticated]
2025-10-14 04:04:42.301 ERROR 75217 --- [nio-8080-exec-4] c.n.authapi.security.AuthEntryPointJwt   : Unauthorized error: Full authentication is required to access this resource
2025-10-14 04:04:42.306 DEBUG 75217 --- [nio-8080-exec-4] s.s.w.c.SecurityContextPersistenceFilter : Cleared SecurityContextHolder to complete request
